[debug] [2024-01-12T04:27:56.321Z] ----------------------------------------------------------------------
[debug] [2024-01-12T04:27:56.323Z] Command:       C:\Program Files\nodejs\node.exe C:\Users\17034\AppData\Roaming\npm\node_modules\firebase-tools\lib\bin\firebase.js emulators:start
[debug] [2024-01-12T04:27:56.324Z] CLI Version:   13.0.2
[debug] [2024-01-12T04:27:56.324Z] Platform:      win32
[debug] [2024-01-12T04:27:56.324Z] Node Version:  v18.18.2
[debug] [2024-01-12T04:27:56.325Z] Time:          Thu Jan 11 2024 23:27:56 GMT-0500 (Eastern Standard Time)
[debug] [2024-01-12T04:27:56.325Z] ----------------------------------------------------------------------
[debug] 
[debug] [2024-01-12T04:27:56.329Z] >>> [apiv2][query] GET https://firebase-public.firebaseio.com/cli.json [none]
[debug] [2024-01-12T04:27:56.497Z] > command requires scopes: ["email","openid","https://www.googleapis.com/auth/cloudplatformprojects.readonly","https://www.googleapis.com/auth/firebase","https://www.googleapis.com/auth/cloud-platform"]
[debug] [2024-01-12T04:27:56.497Z] > authorizing via signed-in user (tirsit527@gmail.com)
[info] i  emulators: Starting emulators: functions {"metadata":{"emulator":{"name":"hub"},"message":"Starting emulators: functions"}}
[debug] [2024-01-12T04:27:56.526Z] [logging] Logging Emulator only supports listening on one address (127.0.0.1). Not listening on ::1
[warn] !  ui: Emulator UI unable to start on port 4000, starting on 4005 instead. {"metadata":{"emulator":{"name":"ui"},"message":"Emulator UI unable to start on port 4000, starting on 4005 instead."}}
[debug] [2024-01-12T04:27:56.543Z] assigned listening specs for emulators {"user":{"hub":[{"address":"127.0.0.1","family":"IPv4","port":4400},{"address":"::1","family":"IPv6","port":4400}],"logging":[{"address":"127.0.0.1","family":"IPv4","port":4500}],"ui":[{"address":"127.0.0.1","family":"IPv4","port":4005},{"address":"::1","family":"IPv6","port":4005}]},"metadata":{"message":"assigned listening specs for emulators"}}
[debug] [2024-01-12T04:27:56.575Z] [hub] writing locator at C:\Users\17034\AppData\Local\Temp\hub-me-7fd6c.json
[debug] [2024-01-12T04:27:56.655Z] [functions] Functions Emulator only supports listening on one address (127.0.0.1). Not listening on ::1
[debug] [2024-01-12T04:27:56.655Z] [eventarc] Eventarc Emulator only supports listening on one address (127.0.0.1). Not listening on ::1
[debug] [2024-01-12T04:27:56.655Z] late-assigned ports for functions and eventarc emulators {"user":{"hub":[{"address":"127.0.0.1","family":"IPv4","port":4400},{"address":"::1","family":"IPv6","port":4400}],"logging":[{"address":"127.0.0.1","family":"IPv4","port":4500}],"ui":[{"address":"127.0.0.1","family":"IPv4","port":4005},{"address":"::1","family":"IPv6","port":4005}],"functions":[{"address":"127.0.0.1","family":"IPv4","port":5001}],"eventarc":[{"address":"127.0.0.1","family":"IPv4","port":9299}]},"metadata":{"message":"late-assigned ports for functions and eventarc emulators"}}
[warn] !  functions: The following emulators are not running, calls to these services from the Functions emulator will affect production: auth, firestore, database, hosting, pubsub, storage {"metadata":{"emulator":{"name":"functions"},"message":"The following emulators are not running, calls to these services from the Functions emulator will affect production: \u001b[1mauth, firestore, database, hosting, pubsub, storage\u001b[22m"}}
[debug] [2024-01-12T04:27:56.659Z] defaultcredentials: writing to file C:\Users\17034\AppData\Roaming\firebase\tirsit527_gmail_com_application_default_credentials.json
[debug] [2024-01-12T04:27:56.674Z] Setting GAC to C:\Users\17034\AppData\Roaming\firebase\tirsit527_gmail_com_application_default_credentials.json {"metadata":{"emulator":{"name":"functions"},"message":"Setting GAC to C:\\Users\\17034\\AppData\\Roaming\\firebase\\tirsit527_gmail_com_application_default_credentials.json"}}
[debug] [2024-01-12T04:27:56.675Z] > refreshing access token with scopes: []
[debug] [2024-01-12T04:27:56.676Z] >>> [apiv2][query] POST https://www.googleapis.com/oauth2/v3/token [none]
[debug] [2024-01-12T04:27:56.676Z] >>> [apiv2][body] POST https://www.googleapis.com/oauth2/v3/token [omitted]
[debug] [2024-01-12T04:27:56.751Z] <<< [apiv2][status] GET https://firebase-public.firebaseio.com/cli.json 200
[debug] [2024-01-12T04:27:56.752Z] <<< [apiv2][body] GET https://firebase-public.firebaseio.com/cli.json {"cloudBuildErrorAfter":1594252800000,"cloudBuildWarnAfter":1590019200000,"defaultNode10After":1594252800000,"minVersion":"3.0.5","node8DeploysDisabledAfter":1613390400000,"node8RuntimeDisabledAfter":1615809600000,"node8WarnAfter":1600128000000}
[debug] [2024-01-12T04:27:56.808Z] <<< [apiv2][status] POST https://www.googleapis.com/oauth2/v3/token 200
[debug] [2024-01-12T04:27:56.808Z] <<< [apiv2][body] POST https://www.googleapis.com/oauth2/v3/token [omitted]
[debug] [2024-01-12T04:27:56.819Z] >>> [apiv2][query] GET https://firebase.googleapis.com/v1beta1/projects/me-7fd6c/adminSdkConfig [none]
[debug] [2024-01-12T04:27:57.156Z] <<< [apiv2][status] GET https://firebase.googleapis.com/v1beta1/projects/me-7fd6c/adminSdkConfig 200
[debug] [2024-01-12T04:27:57.156Z] <<< [apiv2][body] GET https://firebase.googleapis.com/v1beta1/projects/me-7fd6c/adminSdkConfig {"projectId":"me-7fd6c","storageBucket":"me-7fd6c.appspot.com"}
[debug] [2024-01-12T04:27:57.197Z] Ignoring unsupported arg: auto_download {"metadata":{"emulator":{"name":"ui"},"message":"Ignoring unsupported arg: auto_download"}}
[debug] [2024-01-12T04:27:57.197Z] Ignoring unsupported arg: port {"metadata":{"emulator":{"name":"ui"},"message":"Ignoring unsupported arg: port"}}
[debug] [2024-01-12T04:27:57.198Z] Starting Emulator UI with command {"binary":"node","args":["C:\\Users\\17034\\.cache\\firebase\\emulators\\ui-v1.11.7\\server\\server.js"],"optionalArgs":[],"joinArgs":false} {"metadata":{"emulator":{"name":"ui"},"message":"Starting Emulator UI with command {\"binary\":\"node\",\"args\":[\"C:\\\\Users\\\\17034\\\\.cache\\\\firebase\\\\emulators\\\\ui-v1.11.7\\\\server\\\\server.js\"],\"optionalArgs\":[],\"joinArgs\":false}"}}
[info] i  ui: Emulator UI logging to ui-debug.log {"metadata":{"emulator":{"name":"ui"},"message":"Emulator UI logging to \u001b[1mui-debug.log\u001b[22m"}}
[debug] [2024-01-12T04:27:57.513Z] Web / API server started at 127.0.0.1:4005
 {"metadata":{"emulator":{"name":"ui"},"message":"Web / API server started at 127.0.0.1:4005\n"}}
[debug] [2024-01-12T04:27:57.513Z] Web / API server started at ::1:4005
 {"metadata":{"emulator":{"name":"ui"},"message":"Web / API server started at ::1:4005\n"}}
[info] i  functions: Watching "C:\Users\17034\Desktop\Evangadi-Network\Phase 4Amazon\amazon-celon\my-app\functions" for Cloud Functions... {"metadata":{"emulator":{"name":"functions"},"message":"Watching \"C:\\Users\\17034\\Desktop\\Evangadi-Network\\Phase 4Amazon\\amazon-celon\\my-app\\functions\" for Cloud Functions..."}}
[debug] [2024-01-12T04:27:57.749Z] Validating nodejs source
[warn] !  functions: package.json indicates an outdated version of firebase-functions. Please upgrade using npm install --save firebase-functions@latest in your functions directory. 
[debug] [2024-01-12T04:28:01.101Z] > [functions] package.json contents: {
  "name": "functions",
  "description": "Cloud Functions for Firebase",
  "scripts": {
    "lint": "eslint .",
    "serve": "firebase emulators:start --only functions",
    "shell": "firebase functions:shell",
    "start": "npm run shell",
    "deploy": "firebase deploy --only functions",
    "logs": "firebase functions:log"
  },
  "engines": {
    "node": "18"
  },
  "main": "index.js",
  "dependencies": {
    "cors": "^2.8.5",
    "course": "^0.0.1",
    "express": "^4.18.2",
    "firebase-admin": "^12.0.0",
    "firebase-functions": "^4.5.0",
    "stripe": "^14.9.0"
  },
  "devDependencies": {
    "eslint": "^8.15.0",
    "eslint-config-google": "^0.14.0",
    "firebase-functions-test": "^3.1.0"
  },
  "private": true
}
[debug] [2024-01-12T04:28:01.102Z] Building nodejs source
[debug] [2024-01-12T04:28:01.102Z] Failed to find version of module node: reached end of search path C:\Users\17034\Desktop\Evangadi-Network\Phase 4Amazon\amazon-celon\my-app\functions\node_modules
[info] +  functions: Using node@18 from host. 
[debug] [2024-01-12T04:28:01.104Z] Could not find functions.yaml. Must use http discovery
[debug] [2024-01-12T04:28:01.112Z] Found firebase-functions binary at 'C:\Users\17034\Desktop\Evangadi-Network\Phase 4Amazon\amazon-celon\my-app\functions\node_modules\.bin\firebase-functions'
[info] Serving at port 8173

[debug] [2024-01-12T04:28:04.492Z] Got response from /__/functions.yaml {"endpoints":{"api":{"platform":"gcfv1","availableMemoryMb":null,"timeoutSeconds":null,"minInstances":null,"maxInstances":null,"ingressSettings":null,"serviceAccountEmail":null,"vpc":null,"httpsTrigger":{},"entryPoint":"api"}},"specVersion":"v1alpha1","requiredAPIs":[]}
[info] +  functions: Loaded functions definitions from source: api. {"metadata":{"emulator":{"name":"functions"},"message":"Loaded functions definitions from source: api."}}
[info] +  functions[us-central1-api]: http function initialized (http://127.0.0.1:5001/me-7fd6c/us-central1/api). {"metadata":{"emulator":{"name":"functions"},"message":"\u001b[1mhttp\u001b[22m function initialized (http://127.0.0.1:5001/me-7fd6c/us-central1/api)."}}
[info] 
┌─────────────────────────────────────────────────────────────┐
│ ✔  All emulators ready! It is now safe to connect your app. │
│ i  View Emulator UI at http://127.0.0.1:4005/               │
└─────────────────────────────────────────────────────────────┘

┌───────────┬────────────────┬─────────────────────────────────┐
│ Emulator  │ Host:Port      │ View in Emulator UI             │
├───────────┼────────────────┼─────────────────────────────────┤
│ Functions │ 127.0.0.1:5001 │ http://127.0.0.1:4005/functions │
└───────────┴────────────────┴─────────────────────────────────┘
  Emulator Hub running at 127.0.0.1:4400
  Other reserved ports: 4500

Issues? Report them at https://github.com/firebase/firebase-tools/issues and attach the *-debug.log files.
 
[debug] [2024-01-12T04:28:59.775Z] [work-queue] {"queuedWork":["/me-7fd6c/us-central1/api/payments/create-2024-01-12T04:28:59.774Z"],"queueLength":1,"runningWork":[],"workRunningCount":0}
[debug] [2024-01-12T04:28:59.777Z] [work-queue] {"queuedWork":[],"queueLength":0,"runningWork":["/me-7fd6c/us-central1/api/payments/create-2024-01-12T04:28:59.774Z"],"workRunningCount":1}
[debug] [2024-01-12T04:28:59.778Z] Accepted request POST /me-7fd6c/us-central1/api/payments/create?total=17184 --> us-central1-api
[debug] [2024-01-12T04:28:59.789Z] [functions] Runtime ready! Sending request! {"metadata":{"emulator":{"name":"functions"},"message":"[functions] Runtime ready! Sending request!"}}
[debug] [2024-01-12T04:28:59.790Z] [functions] Got req.url=/me-7fd6c/us-central1/api/payments/create?total=17184, mapping to path=/payments/create?total=17184 {"metadata":{"emulator":{"name":"functions"},"message":"[functions] Got req.url=/me-7fd6c/us-central1/api/payments/create?total=17184, mapping to path=/payments/create?total=17184"}}
[debug] [2024-01-12T04:28:59.813Z] [worker-pool] addWorker(us-central1-api) {"metadata":{"emulator":{"name":"functions"},"message":"[worker-pool] addWorker(us-central1-api)"}}
[debug] [2024-01-12T04:28:59.819Z] [worker-pool] Adding worker with key us-central1-api, total=1 {"metadata":{"emulator":{"name":"functions"},"message":"[worker-pool] Adding worker with key us-central1-api, total=1"}}
[debug] [2024-01-12T04:28:59.826Z] [work-queue] {"queuedWork":["/me-7fd6c/us-central1/api/payments/create-2024-01-12T04:28:59.826Z"],"queueLength":1,"runningWork":["/me-7fd6c/us-central1/api/payments/create-2024-01-12T04:28:59.774Z"],"workRunningCount":1}
[debug] [2024-01-12T04:28:59.826Z] [work-queue] {"queuedWork":[],"queueLength":0,"runningWork":["/me-7fd6c/us-central1/api/payments/create-2024-01-12T04:28:59.774Z","/me-7fd6c/us-central1/api/payments/create-2024-01-12T04:28:59.826Z"],"workRunningCount":2}
[debug] [2024-01-12T04:28:59.826Z] Accepted request POST /me-7fd6c/us-central1/api/payments/create?total=17184 --> us-central1-api
[debug] [2024-01-12T04:28:59.830Z] [functions] Runtime ready! Sending request! {"metadata":{"emulator":{"name":"functions"},"message":"[functions] Runtime ready! Sending request!"}}
[debug] [2024-01-12T04:28:59.831Z] [functions] Got req.url=/me-7fd6c/us-central1/api/payments/create?total=17184, mapping to path=/payments/create?total=17184 {"metadata":{"emulator":{"name":"functions"},"message":"[functions] Got req.url=/me-7fd6c/us-central1/api/payments/create?total=17184, mapping to path=/payments/create?total=17184"}}
[debug] [2024-01-12T04:28:59.858Z] [worker-pool] addWorker(us-central1-api) {"metadata":{"emulator":{"name":"functions"},"message":"[worker-pool] addWorker(us-central1-api)"}}
[debug] [2024-01-12T04:28:59.859Z] [worker-pool] Adding worker with key us-central1-api, total=2 {"metadata":{"emulator":{"name":"functions"},"message":"[worker-pool] Adding worker with key us-central1-api, total=2"}}
[debug] [2024-01-12T04:29:04.853Z] [runtime-status] [32192] Resolved module firebase-admin {"declared":true,"installed":true,"version":"12.0.0","resolution":"C:\\Users\\17034\\Desktop\\Evangadi-Network\\Phase 4Amazon\\amazon-celon\\my-app\\functions\\node_modules\\firebase-admin\\lib\\index.js"} {"metadata":{"emulator":{"name":"functions"},"function":{"name":"us-central1-api"},"extension":{},"message":"[runtime-status] [32192] Resolved module firebase-admin {\"declared\":true,\"installed\":true,\"version\":\"12.0.0\",\"resolution\":\"C:\\\\Users\\\\17034\\\\Desktop\\\\Evangadi-Network\\\\Phase 4Amazon\\\\amazon-celon\\\\my-app\\\\functions\\\\node_modules\\\\firebase-admin\\\\lib\\\\index.js\"}"}}
[debug] [2024-01-12T04:29:04.854Z] [runtime-status] [39980] Resolved module firebase-admin {"declared":true,"installed":true,"version":"12.0.0","resolution":"C:\\Users\\17034\\Desktop\\Evangadi-Network\\Phase 4Amazon\\amazon-celon\\my-app\\functions\\node_modules\\firebase-admin\\lib\\index.js"} {"metadata":{"emulator":{"name":"functions"},"function":{"name":"us-central1-api"},"extension":{},"message":"[runtime-status] [39980] Resolved module firebase-admin {\"declared\":true,\"installed\":true,\"version\":\"12.0.0\",\"resolution\":\"C:\\\\Users\\\\17034\\\\Desktop\\\\Evangadi-Network\\\\Phase 4Amazon\\\\amazon-celon\\\\my-app\\\\functions\\\\node_modules\\\\firebase-admin\\\\lib\\\\index.js\"}"}}
[debug] [2024-01-12T04:29:04.856Z] [runtime-status] [32192] Resolved module firebase-functions {"declared":true,"installed":true,"version":"4.5.0","resolution":"C:\\Users\\17034\\Desktop\\Evangadi-Network\\Phase 4Amazon\\amazon-celon\\my-app\\functions\\node_modules\\firebase-functions\\lib\\v1\\index.js"} {"metadata":{"emulator":{"name":"functions"},"function":{"name":"us-central1-api"},"extension":{},"message":"[runtime-status] [32192] Resolved module firebase-functions {\"declared\":true,\"installed\":true,\"version\":\"4.5.0\",\"resolution\":\"C:\\\\Users\\\\17034\\\\Desktop\\\\Evangadi-Network\\\\Phase 4Amazon\\\\amazon-celon\\\\my-app\\\\functions\\\\node_modules\\\\firebase-functions\\\\lib\\\\v1\\\\index.js\"}"}}
[debug] [2024-01-12T04:29:04.857Z] [runtime-status] [39980] Resolved module firebase-functions {"declared":true,"installed":true,"version":"4.5.0","resolution":"C:\\Users\\17034\\Desktop\\Evangadi-Network\\Phase 4Amazon\\amazon-celon\\my-app\\functions\\node_modules\\firebase-functions\\lib\\v1\\index.js"} {"metadata":{"emulator":{"name":"functions"},"function":{"name":"us-central1-api"},"extension":{},"message":"[runtime-status] [39980] Resolved module firebase-functions {\"declared\":true,\"installed\":true,\"version\":\"4.5.0\",\"resolution\":\"C:\\\\Users\\\\17034\\\\Desktop\\\\Evangadi-Network\\\\Phase 4Amazon\\\\amazon-celon\\\\my-app\\\\functions\\\\node_modules\\\\firebase-functions\\\\lib\\\\v1\\\\index.js\"}"}}
[debug] [2024-01-12T04:29:04.857Z] [runtime-status] [32192] Outgoing network have been stubbed. [{"name":"http","status":"mocked"},{"name":"http","status":"mocked"},{"name":"https","status":"mocked"},{"name":"https","status":"mocked"},{"name":"net","status":"mocked"}] {"metadata":{"emulator":{"name":"functions"},"function":{"name":"us-central1-api"},"extension":{},"message":"[runtime-status] [32192] Outgoing network have been stubbed. [{\"name\":\"http\",\"status\":\"mocked\"},{\"name\":\"http\",\"status\":\"mocked\"},{\"name\":\"https\",\"status\":\"mocked\"},{\"name\":\"https\",\"status\":\"mocked\"},{\"name\":\"net\",\"status\":\"mocked\"}]"}}
[debug] [2024-01-12T04:29:04.859Z] [runtime-status] [39980] Outgoing network have been stubbed. [{"name":"http","status":"mocked"},{"name":"http","status":"mocked"},{"name":"https","status":"mocked"},{"name":"https","status":"mocked"},{"name":"net","status":"mocked"}] {"metadata":{"emulator":{"name":"functions"},"function":{"name":"us-central1-api"},"extension":{},"message":"[runtime-status] [39980] Outgoing network have been stubbed. [{\"name\":\"http\",\"status\":\"mocked\"},{\"name\":\"http\",\"status\":\"mocked\"},{\"name\":\"https\",\"status\":\"mocked\"},{\"name\":\"https\",\"status\":\"mocked\"},{\"name\":\"net\",\"status\":\"mocked\"}]"}}
[debug] [2024-01-12T04:29:04.861Z] [runtime-status] [39980] Resolved module firebase-functions {"declared":true,"installed":true,"version":"4.5.0","resolution":"C:\\Users\\17034\\Desktop\\Evangadi-Network\\Phase 4Amazon\\amazon-celon\\my-app\\functions\\node_modules\\firebase-functions\\lib\\v1\\index.js"} {"metadata":{"emulator":{"name":"functions"},"function":{"name":"us-central1-api"},"extension":{},"message":"[runtime-status] [39980] Resolved module firebase-functions {\"declared\":true,\"installed\":true,\"version\":\"4.5.0\",\"resolution\":\"C:\\\\Users\\\\17034\\\\Desktop\\\\Evangadi-Network\\\\Phase 4Amazon\\\\amazon-celon\\\\my-app\\\\functions\\\\node_modules\\\\firebase-functions\\\\lib\\\\v1\\\\index.js\"}"}}
[debug] [2024-01-12T04:29:04.864Z] [runtime-status] [32192] Resolved module firebase-functions {"declared":true,"installed":true,"version":"4.5.0","resolution":"C:\\Users\\17034\\Desktop\\Evangadi-Network\\Phase 4Amazon\\amazon-celon\\my-app\\functions\\node_modules\\firebase-functions\\lib\\v1\\index.js"} {"metadata":{"emulator":{"name":"functions"},"function":{"name":"us-central1-api"},"extension":{},"message":"[runtime-status] [32192] Resolved module firebase-functions {\"declared\":true,\"installed\":true,\"version\":\"4.5.0\",\"resolution\":\"C:\\\\Users\\\\17034\\\\Desktop\\\\Evangadi-Network\\\\Phase 4Amazon\\\\amazon-celon\\\\my-app\\\\functions\\\\node_modules\\\\firebase-functions\\\\lib\\\\v1\\\\index.js\"}"}}
[debug] [2024-01-12T04:29:05.391Z] [runtime-status] [39980] Checked functions.config() {"config":{}} {"metadata":{"emulator":{"name":"functions"},"function":{"name":"us-central1-api"},"extension":{},"message":"[runtime-status] [39980] Checked functions.config() {\"config\":{}}"}}
[debug] [2024-01-12T04:29:05.391Z] [runtime-status] [32192] Checked functions.config() {"config":{}} {"metadata":{"emulator":{"name":"functions"},"function":{"name":"us-central1-api"},"extension":{},"message":"[runtime-status] [32192] Checked functions.config() {\"config\":{}}"}}
[debug] [2024-01-12T04:29:05.392Z] [runtime-status] [32192] firebase-functions has been stubbed. {"functionsResolution":{"declared":true,"installed":true,"version":"4.5.0","resolution":"C:\\Users\\17034\\Desktop\\Evangadi-Network\\Phase 4Amazon\\amazon-celon\\my-app\\functions\\node_modules\\firebase-functions\\lib\\v1\\index.js"}} {"metadata":{"emulator":{"name":"functions"},"function":{"name":"us-central1-api"},"extension":{},"message":"[runtime-status] [32192] firebase-functions has been stubbed. {\"functionsResolution\":{\"declared\":true,\"installed\":true,\"version\":\"4.5.0\",\"resolution\":\"C:\\\\Users\\\\17034\\\\Desktop\\\\Evangadi-Network\\\\Phase 4Amazon\\\\amazon-celon\\\\my-app\\\\functions\\\\node_modules\\\\firebase-functions\\\\lib\\\\v1\\\\index.js\"}}"}}
[debug] [2024-01-12T04:29:05.392Z] [runtime-status] [39980] firebase-functions has been stubbed. {"functionsResolution":{"declared":true,"installed":true,"version":"4.5.0","resolution":"C:\\Users\\17034\\Desktop\\Evangadi-Network\\Phase 4Amazon\\amazon-celon\\my-app\\functions\\node_modules\\firebase-functions\\lib\\v1\\index.js"}} {"metadata":{"emulator":{"name":"functions"},"function":{"name":"us-central1-api"},"extension":{},"message":"[runtime-status] [39980] firebase-functions has been stubbed. {\"functionsResolution\":{\"declared\":true,\"installed\":true,\"version\":\"4.5.0\",\"resolution\":\"C:\\\\Users\\\\17034\\\\Desktop\\\\Evangadi-Network\\\\Phase 4Amazon\\\\amazon-celon\\\\my-app\\\\functions\\\\node_modules\\\\firebase-functions\\\\lib\\\\v1\\\\index.js\"}}"}}
[debug] [2024-01-12T04:29:05.393Z] [runtime-status] [32192] Resolved module firebase-functions {"declared":true,"installed":true,"version":"4.5.0","resolution":"C:\\Users\\17034\\Desktop\\Evangadi-Network\\Phase 4Amazon\\amazon-celon\\my-app\\functions\\node_modules\\firebase-functions\\lib\\v1\\index.js"} {"metadata":{"emulator":{"name":"functions"},"function":{"name":"us-central1-api"},"extension":{},"message":"[runtime-status] [32192] Resolved module firebase-functions {\"declared\":true,\"installed\":true,\"version\":\"4.5.0\",\"resolution\":\"C:\\\\Users\\\\17034\\\\Desktop\\\\Evangadi-Network\\\\Phase 4Amazon\\\\amazon-celon\\\\my-app\\\\functions\\\\node_modules\\\\firebase-functions\\\\lib\\\\v1\\\\index.js\"}"}}
[debug] [2024-01-12T04:29:05.393Z] [runtime-status] [39980] Resolved module firebase-functions {"declared":true,"installed":true,"version":"4.5.0","resolution":"C:\\Users\\17034\\Desktop\\Evangadi-Network\\Phase 4Amazon\\amazon-celon\\my-app\\functions\\node_modules\\firebase-functions\\lib\\v1\\index.js"} {"metadata":{"emulator":{"name":"functions"},"function":{"name":"us-central1-api"},"extension":{},"message":"[runtime-status] [39980] Resolved module firebase-functions {\"declared\":true,\"installed\":true,\"version\":\"4.5.0\",\"resolution\":\"C:\\\\Users\\\\17034\\\\Desktop\\\\Evangadi-Network\\\\Phase 4Amazon\\\\amazon-celon\\\\my-app\\\\functions\\\\node_modules\\\\firebase-functions\\\\lib\\\\v1\\\\index.js\"}"}}
[debug] [2024-01-12T04:29:05.394Z] [runtime-status] [32192] Resolved module firebase-admin {"declared":true,"installed":true,"version":"12.0.0","resolution":"C:\\Users\\17034\\Desktop\\Evangadi-Network\\Phase 4Amazon\\amazon-celon\\my-app\\functions\\node_modules\\firebase-admin\\lib\\index.js"} {"metadata":{"emulator":{"name":"functions"},"function":{"name":"us-central1-api"},"extension":{},"message":"[runtime-status] [32192] Resolved module firebase-admin {\"declared\":true,\"installed\":true,\"version\":\"12.0.0\",\"resolution\":\"C:\\\\Users\\\\17034\\\\Desktop\\\\Evangadi-Network\\\\Phase 4Amazon\\\\amazon-celon\\\\my-app\\\\functions\\\\node_modules\\\\firebase-admin\\\\lib\\\\index.js\"}"}}
[debug] [2024-01-12T04:29:05.394Z] [runtime-status] [39980] Resolved module firebase-admin {"declared":true,"installed":true,"version":"12.0.0","resolution":"C:\\Users\\17034\\Desktop\\Evangadi-Network\\Phase 4Amazon\\amazon-celon\\my-app\\functions\\node_modules\\firebase-admin\\lib\\index.js"} {"metadata":{"emulator":{"name":"functions"},"function":{"name":"us-central1-api"},"extension":{},"message":"[runtime-status] [39980] Resolved module firebase-admin {\"declared\":true,\"installed\":true,\"version\":\"12.0.0\",\"resolution\":\"C:\\\\Users\\\\17034\\\\Desktop\\\\Evangadi-Network\\\\Phase 4Amazon\\\\amazon-celon\\\\my-app\\\\functions\\\\node_modules\\\\firebase-admin\\\\lib\\\\index.js\"}"}}
[debug] [2024-01-12T04:29:05.402Z] [runtime-status] [39980] Resolved module firebase-functions {"declared":true,"installed":true,"version":"4.5.0","resolution":"C:\\Users\\17034\\Desktop\\Evangadi-Network\\Phase 4Amazon\\amazon-celon\\my-app\\functions\\node_modules\\firebase-functions\\lib\\v1\\index.js"} {"metadata":{"emulator":{"name":"functions"},"function":{"name":"us-central1-api"},"extension":{},"message":"[runtime-status] [39980] Resolved module firebase-functions {\"declared\":true,\"installed\":true,\"version\":\"4.5.0\",\"resolution\":\"C:\\\\Users\\\\17034\\\\Desktop\\\\Evangadi-Network\\\\Phase 4Amazon\\\\amazon-celon\\\\my-app\\\\functions\\\\node_modules\\\\firebase-functions\\\\lib\\\\v1\\\\index.js\"}"}}
[debug] [2024-01-12T04:29:05.403Z] [runtime-status] [32192] Resolved module firebase-functions {"declared":true,"installed":true,"version":"4.5.0","resolution":"C:\\Users\\17034\\Desktop\\Evangadi-Network\\Phase 4Amazon\\amazon-celon\\my-app\\functions\\node_modules\\firebase-functions\\lib\\v1\\index.js"} {"metadata":{"emulator":{"name":"functions"},"function":{"name":"us-central1-api"},"extension":{},"message":"[runtime-status] [32192] Resolved module firebase-functions {\"declared\":true,\"installed\":true,\"version\":\"4.5.0\",\"resolution\":\"C:\\\\Users\\\\17034\\\\Desktop\\\\Evangadi-Network\\\\Phase 4Amazon\\\\amazon-celon\\\\my-app\\\\functions\\\\node_modules\\\\firebase-functions\\\\lib\\\\v1\\\\index.js\"}"}}
[debug] [2024-01-12T04:29:05.404Z] [runtime-status] [32192] firebase-admin has been stubbed. {"adminResolution":{"declared":true,"installed":true,"version":"12.0.0","resolution":"C:\\Users\\17034\\Desktop\\Evangadi-Network\\Phase 4Amazon\\amazon-celon\\my-app\\functions\\node_modules\\firebase-admin\\lib\\index.js"}} {"metadata":{"emulator":{"name":"functions"},"function":{"name":"us-central1-api"},"extension":{},"message":"[runtime-status] [32192] firebase-admin has been stubbed. {\"adminResolution\":{\"declared\":true,\"installed\":true,\"version\":\"12.0.0\",\"resolution\":\"C:\\\\Users\\\\17034\\\\Desktop\\\\Evangadi-Network\\\\Phase 4Amazon\\\\amazon-celon\\\\my-app\\\\functions\\\\node_modules\\\\firebase-admin\\\\lib\\\\index.js\"}}"}}
[debug] [2024-01-12T04:29:05.405Z] [runtime-status] [39980] firebase-admin has been stubbed. {"adminResolution":{"declared":true,"installed":true,"version":"12.0.0","resolution":"C:\\Users\\17034\\Desktop\\Evangadi-Network\\Phase 4Amazon\\amazon-celon\\my-app\\functions\\node_modules\\firebase-admin\\lib\\index.js"}} {"metadata":{"emulator":{"name":"functions"},"function":{"name":"us-central1-api"},"extension":{},"message":"[runtime-status] [39980] firebase-admin has been stubbed. {\"adminResolution\":{\"declared\":true,\"installed\":true,\"version\":\"12.0.0\",\"resolution\":\"C:\\\\Users\\\\17034\\\\Desktop\\\\Evangadi-Network\\\\Phase 4Amazon\\\\amazon-celon\\\\my-app\\\\functions\\\\node_modules\\\\firebase-admin\\\\lib\\\\index.js\"}}"}}
[debug] [2024-01-12T04:29:05.845Z] [runtime-status] [39980] Functions runtime initialized. {"cwd":"C:\\Users\\17034\\Desktop\\Evangadi-Network\\Phase 4Amazon\\amazon-celon\\my-app\\functions","node_version":"18.18.2"} {"metadata":{"emulator":{"name":"functions"},"function":{"name":"us-central1-api"},"extension":{},"message":"[runtime-status] [39980] Functions runtime initialized. {\"cwd\":\"C:\\\\Users\\\\17034\\\\Desktop\\\\Evangadi-Network\\\\Phase 4Amazon\\\\amazon-celon\\\\my-app\\\\functions\",\"node_version\":\"18.18.2\"}"}}
[debug] [2024-01-12T04:29:05.846Z] [runtime-status] [39980] Listening to port: \\?\pipe\fire_emu_e12386eda1e38b88 {"metadata":{"emulator":{"name":"functions"},"function":{"name":"us-central1-api"},"extension":{},"message":"[runtime-status] [39980] Listening to port: \\\\?\\pipe\\fire_emu_e12386eda1e38b88"}}
[debug] [2024-01-12T04:29:05.855Z] [runtime-status] [32192] Functions runtime initialized. {"cwd":"C:\\Users\\17034\\Desktop\\Evangadi-Network\\Phase 4Amazon\\amazon-celon\\my-app\\functions","node_version":"18.18.2"} {"metadata":{"emulator":{"name":"functions"},"function":{"name":"us-central1-api"},"extension":{},"message":"[runtime-status] [32192] Functions runtime initialized. {\"cwd\":\"C:\\\\Users\\\\17034\\\\Desktop\\\\Evangadi-Network\\\\Phase 4Amazon\\\\amazon-celon\\\\my-app\\\\functions\",\"node_version\":\"18.18.2\"}"}}
[debug] [2024-01-12T04:29:05.856Z] [runtime-status] [32192] Listening to port: \\?\pipe\fire_emu_23e7b7c3e1f5a42e {"metadata":{"emulator":{"name":"functions"},"function":{"name":"us-central1-api"},"extension":{},"message":"[runtime-status] [32192] Listening to port: \\\\?\\pipe\\fire_emu_23e7b7c3e1f5a42e"}}
[debug] [2024-01-12T04:29:05.874Z] [worker-us-central1-api-4b583146-079b-40d5-82f8-434a82fbc34c]: IDLE {"metadata":{"emulator":{"name":"functions"},"function":{"name":"us-central1-api"},"extension":{},"message":"[worker-us-central1-api-4b583146-079b-40d5-82f8-434a82fbc34c]: IDLE"}}
[debug] [2024-01-12T04:29:05.874Z] [worker-pool] submitRequest(triggerId=us-central1-api) {"metadata":{"emulator":{"name":"functions"},"message":"[worker-pool] submitRequest(triggerId=us-central1-api)"}}
[info] i  functions: Beginning execution of "us-central1-api" {"metadata":{"emulator":{"name":"functions"},"function":{"name":"us-central1-api"},"extension":{},"message":"Beginning execution of \"us-central1-api\""}}
[debug] [2024-01-12T04:29:05.886Z] [worker-us-central1-api-4b583146-079b-40d5-82f8-434a82fbc34c]: BUSY {"metadata":{"emulator":{"name":"functions"},"function":{"name":"us-central1-api"},"extension":{},"message":"[worker-us-central1-api-4b583146-079b-40d5-82f8-434a82fbc34c]: BUSY"}}
[debug] [2024-01-12T04:29:05.889Z] [worker-us-central1-api-c546efd0-ff68-436a-bc2d-dd3b2c28ba6d]: IDLE {"metadata":{"emulator":{"name":"functions"},"function":{"name":"us-central1-api"},"extension":{},"message":"[worker-us-central1-api-c546efd0-ff68-436a-bc2d-dd3b2c28ba6d]: IDLE"}}
[debug] [2024-01-12T04:29:05.890Z] [worker-pool] submitRequest(triggerId=us-central1-api) {"metadata":{"emulator":{"name":"functions"},"message":"[worker-pool] submitRequest(triggerId=us-central1-api)"}}
[info] i  functions: Beginning execution of "us-central1-api" {"metadata":{"emulator":{"name":"functions"},"function":{"name":"us-central1-api"},"extension":{},"message":"Beginning execution of \"us-central1-api\""}}
[debug] [2024-01-12T04:29:05.894Z] [worker-us-central1-api-c546efd0-ff68-436a-bc2d-dd3b2c28ba6d]: BUSY {"metadata":{"emulator":{"name":"functions"},"function":{"name":"us-central1-api"},"extension":{},"message":"[worker-us-central1-api-c546efd0-ff68-436a-bc2d-dd3b2c28ba6d]: BUSY"}}
[info] >  payment request recieved for this amount >>> 17184 {"user":"payment request recieved for this amount >>> 17184","metadata":{"emulator":{"name":"functions"},"function":{"name":"us-central1-api"},"extension":{},"message":"\u001b[90m> \u001b[39m payment request recieved for this amount >>> 17184"}}
[info] >  payment request recieved for this amount >>> 17184 {"user":"payment request recieved for this amount >>> 17184","metadata":{"emulator":{"name":"functions"},"function":{"name":"us-central1-api"},"extension":{},"message":"\u001b[90m> \u001b[39m payment request recieved for this amount >>> 17184"}}
[debug] [2024-01-12T04:29:06.677Z] Finishing up request with event=pause {"metadata":{"emulator":{"name":"functions"},"function":{"name":"us-central1-api"},"extension":{},"message":"Finishing up request with event=pause"}}
[info] i  functions: Finished "us-central1-api" in 783.6443ms {"metadata":{"emulator":{"name":"functions"},"function":{"name":"us-central1-api"},"extension":{},"message":"Finished \"us-central1-api\" in 783.6443ms"}}
[debug] [2024-01-12T04:29:06.681Z] [worker-us-central1-api-c546efd0-ff68-436a-bc2d-dd3b2c28ba6d]: IDLE {"metadata":{"emulator":{"name":"functions"},"function":{"name":"us-central1-api"},"extension":{},"message":"[worker-us-central1-api-c546efd0-ff68-436a-bc2d-dd3b2c28ba6d]: IDLE"}}
[debug] [2024-01-12T04:29:06.682Z] Finishing up request with event=finish {"metadata":{"emulator":{"name":"functions"},"function":{"name":"us-central1-api"},"extension":{},"message":"Finishing up request with event=finish"}}
[debug] [2024-01-12T04:29:06.682Z] Finishing up request with event=close {"metadata":{"emulator":{"name":"functions"},"function":{"name":"us-central1-api"},"extension":{},"message":"Finishing up request with event=close"}}
[debug] [2024-01-12T04:29:06.682Z] [work-queue] {"queuedWork":[],"queueLength":0,"runningWork":["/me-7fd6c/us-central1/api/payments/create-2024-01-12T04:28:59.826Z"],"workRunningCount":1}
[debug] [2024-01-12T04:29:06.683Z] Finishing up request with event=pause {"metadata":{"emulator":{"name":"functions"},"function":{"name":"us-central1-api"},"extension":{},"message":"Finishing up request with event=pause"}}
[info] i  functions: Finished "us-central1-api" in 797.2381ms {"metadata":{"emulator":{"name":"functions"},"function":{"name":"us-central1-api"},"extension":{},"message":"Finished \"us-central1-api\" in 797.2381ms"}}
[debug] [2024-01-12T04:29:06.685Z] [worker-us-central1-api-4b583146-079b-40d5-82f8-434a82fbc34c]: IDLE {"metadata":{"emulator":{"name":"functions"},"function":{"name":"us-central1-api"},"extension":{},"message":"[worker-us-central1-api-4b583146-079b-40d5-82f8-434a82fbc34c]: IDLE"}}
[debug] [2024-01-12T04:29:06.685Z] Finishing up request with event=finish {"metadata":{"emulator":{"name":"functions"},"function":{"name":"us-central1-api"},"extension":{},"message":"Finishing up request with event=finish"}}
[debug] [2024-01-12T04:29:06.685Z] Finishing up request with event=close {"metadata":{"emulator":{"name":"functions"},"function":{"name":"us-central1-api"},"extension":{},"message":"Finishing up request with event=close"}}
[debug] [2024-01-12T04:29:06.686Z] [work-queue] {"queuedWork":[],"queueLength":0,"runningWork":[],"workRunningCount":0}
[debug] [2024-01-12T04:29:41.017Z] [work-queue] {"queuedWork":["/me-7fd6c/us-central1/api/payments/create-2024-01-12T04:29:41.017Z"],"queueLength":1,"runningWork":[],"workRunningCount":0}
[debug] [2024-01-12T04:29:41.019Z] [work-queue] {"queuedWork":[],"queueLength":0,"runningWork":["/me-7fd6c/us-central1/api/payments/create-2024-01-12T04:29:41.017Z"],"workRunningCount":1}
[debug] [2024-01-12T04:29:41.019Z] Accepted request POST /me-7fd6c/us-central1/api/payments/create?total=17184 --> us-central1-api
[debug] [2024-01-12T04:29:41.028Z] [functions] Runtime ready! Sending request! {"metadata":{"emulator":{"name":"functions"},"message":"[functions] Runtime ready! Sending request!"}}
[debug] [2024-01-12T04:29:41.031Z] [functions] Got req.url=/me-7fd6c/us-central1/api/payments/create?total=17184, mapping to path=/payments/create?total=17184 {"metadata":{"emulator":{"name":"functions"},"message":"[functions] Got req.url=/me-7fd6c/us-central1/api/payments/create?total=17184, mapping to path=/payments/create?total=17184"}}
[debug] [2024-01-12T04:29:41.032Z] [worker-pool] submitRequest(triggerId=us-central1-api) {"metadata":{"emulator":{"name":"functions"},"message":"[worker-pool] submitRequest(triggerId=us-central1-api)"}}
[info] i  functions: Beginning execution of "us-central1-api" {"metadata":{"emulator":{"name":"functions"},"function":{"name":"us-central1-api"},"extension":{},"message":"Beginning execution of \"us-central1-api\""}}
[debug] [2024-01-12T04:29:41.035Z] [worker-us-central1-api-c546efd0-ff68-436a-bc2d-dd3b2c28ba6d]: BUSY {"metadata":{"emulator":{"name":"functions"},"function":{"name":"us-central1-api"},"extension":{},"message":"[worker-us-central1-api-c546efd0-ff68-436a-bc2d-dd3b2c28ba6d]: BUSY"}}
[debug] [2024-01-12T04:29:41.038Z] [work-queue] {"queuedWork":["/me-7fd6c/us-central1/api/payments/create-2024-01-12T04:29:41.038Z"],"queueLength":1,"runningWork":["/me-7fd6c/us-central1/api/payments/create-2024-01-12T04:29:41.017Z"],"workRunningCount":1}
[debug] [2024-01-12T04:29:41.038Z] [work-queue] {"queuedWork":[],"queueLength":0,"runningWork":["/me-7fd6c/us-central1/api/payments/create-2024-01-12T04:29:41.017Z","/me-7fd6c/us-central1/api/payments/create-2024-01-12T04:29:41.038Z"],"workRunningCount":2}
[debug] [2024-01-12T04:29:41.038Z] Accepted request POST /me-7fd6c/us-central1/api/payments/create?total=17184 --> us-central1-api
[debug] [2024-01-12T04:29:41.045Z] [functions] Runtime ready! Sending request! {"metadata":{"emulator":{"name":"functions"},"message":"[functions] Runtime ready! Sending request!"}}
[debug] [2024-01-12T04:29:41.045Z] [functions] Got req.url=/me-7fd6c/us-central1/api/payments/create?total=17184, mapping to path=/payments/create?total=17184 {"metadata":{"emulator":{"name":"functions"},"message":"[functions] Got req.url=/me-7fd6c/us-central1/api/payments/create?total=17184, mapping to path=/payments/create?total=17184"}}
[debug] [2024-01-12T04:29:41.046Z] [worker-pool] submitRequest(triggerId=us-central1-api) {"metadata":{"emulator":{"name":"functions"},"message":"[worker-pool] submitRequest(triggerId=us-central1-api)"}}
[info] i  functions: Beginning execution of "us-central1-api" {"metadata":{"emulator":{"name":"functions"},"function":{"name":"us-central1-api"},"extension":{},"message":"Beginning execution of \"us-central1-api\""}}
[debug] [2024-01-12T04:29:41.046Z] [worker-us-central1-api-4b583146-079b-40d5-82f8-434a82fbc34c]: BUSY {"metadata":{"emulator":{"name":"functions"},"function":{"name":"us-central1-api"},"extension":{},"message":"[worker-us-central1-api-4b583146-079b-40d5-82f8-434a82fbc34c]: BUSY"}}
[info] >  payment request recieved for this amount >>> 17184 {"user":"payment request recieved for this amount >>> 17184","metadata":{"emulator":{"name":"functions"},"function":{"name":"us-central1-api"},"extension":{},"message":"\u001b[90m> \u001b[39m payment request recieved for this amount >>> 17184"}}
[info] >  payment request recieved for this amount >>> 17184 {"user":"payment request recieved for this amount >>> 17184","metadata":{"emulator":{"name":"functions"},"function":{"name":"us-central1-api"},"extension":{},"message":"\u001b[90m> \u001b[39m payment request recieved for this amount >>> 17184"}}
[debug] [2024-01-12T04:29:41.295Z] Finishing up request with event=pause {"metadata":{"emulator":{"name":"functions"},"function":{"name":"us-central1-api"},"extension":{},"message":"Finishing up request with event=pause"}}
[info] i  functions: Finished "us-central1-api" in 260.3395ms {"metadata":{"emulator":{"name":"functions"},"function":{"name":"us-central1-api"},"extension":{},"message":"Finished \"us-central1-api\" in 260.3395ms"}}
[debug] [2024-01-12T04:29:41.300Z] [worker-us-central1-api-c546efd0-ff68-436a-bc2d-dd3b2c28ba6d]: IDLE {"metadata":{"emulator":{"name":"functions"},"function":{"name":"us-central1-api"},"extension":{},"message":"[worker-us-central1-api-c546efd0-ff68-436a-bc2d-dd3b2c28ba6d]: IDLE"}}
[debug] [2024-01-12T04:29:41.300Z] Finishing up request with event=finish {"metadata":{"emulator":{"name":"functions"},"function":{"name":"us-central1-api"},"extension":{},"message":"Finishing up request with event=finish"}}
[debug] [2024-01-12T04:29:41.300Z] Finishing up request with event=close {"metadata":{"emulator":{"name":"functions"},"function":{"name":"us-central1-api"},"extension":{},"message":"Finishing up request with event=close"}}
[debug] [2024-01-12T04:29:41.301Z] [work-queue] {"queuedWork":[],"queueLength":0,"runningWork":["/me-7fd6c/us-central1/api/payments/create-2024-01-12T04:29:41.038Z"],"workRunningCount":1}
[debug] [2024-01-12T04:29:41.302Z] Finishing up request with event=pause {"metadata":{"emulator":{"name":"functions"},"function":{"name":"us-central1-api"},"extension":{},"message":"Finishing up request with event=pause"}}
[info] i  functions: Finished "us-central1-api" in 255.6031ms {"metadata":{"emulator":{"name":"functions"},"function":{"name":"us-central1-api"},"extension":{},"message":"Finished \"us-central1-api\" in 255.6031ms"}}
[debug] [2024-01-12T04:29:41.302Z] [worker-us-central1-api-4b583146-079b-40d5-82f8-434a82fbc34c]: IDLE {"metadata":{"emulator":{"name":"functions"},"function":{"name":"us-central1-api"},"extension":{},"message":"[worker-us-central1-api-4b583146-079b-40d5-82f8-434a82fbc34c]: IDLE"}}
[debug] [2024-01-12T04:29:41.303Z] Finishing up request with event=finish {"metadata":{"emulator":{"name":"functions"},"function":{"name":"us-central1-api"},"extension":{},"message":"Finishing up request with event=finish"}}
[debug] [2024-01-12T04:29:41.303Z] Finishing up request with event=close {"metadata":{"emulator":{"name":"functions"},"function":{"name":"us-central1-api"},"extension":{},"message":"Finishing up request with event=close"}}
[debug] [2024-01-12T04:29:41.303Z] [work-queue] {"queuedWork":[],"queueLength":0,"runningWork":[],"workRunningCount":0}
[debug] [2024-01-12T04:30:21.294Z] [work-queue] {"queuedWork":["/me-7fd6c/us-central1/api/payments/create-2024-01-12T04:30:21.294Z"],"queueLength":1,"runningWork":[],"workRunningCount":0}
[debug] [2024-01-12T04:30:21.294Z] [work-queue] {"queuedWork":[],"queueLength":0,"runningWork":["/me-7fd6c/us-central1/api/payments/create-2024-01-12T04:30:21.294Z"],"workRunningCount":1}
[debug] [2024-01-12T04:30:21.295Z] Accepted request POST /me-7fd6c/us-central1/api/payments/create?total=4992 --> us-central1-api
[debug] [2024-01-12T04:30:21.299Z] [functions] Runtime ready! Sending request! {"metadata":{"emulator":{"name":"functions"},"message":"[functions] Runtime ready! Sending request!"}}
[debug] [2024-01-12T04:30:21.299Z] [functions] Got req.url=/me-7fd6c/us-central1/api/payments/create?total=4992, mapping to path=/payments/create?total=4992 {"metadata":{"emulator":{"name":"functions"},"message":"[functions] Got req.url=/me-7fd6c/us-central1/api/payments/create?total=4992, mapping to path=/payments/create?total=4992"}}
[debug] [2024-01-12T04:30:21.299Z] [worker-pool] submitRequest(triggerId=us-central1-api) {"metadata":{"emulator":{"name":"functions"},"message":"[worker-pool] submitRequest(triggerId=us-central1-api)"}}
[info] i  functions: Beginning execution of "us-central1-api" {"metadata":{"emulator":{"name":"functions"},"function":{"name":"us-central1-api"},"extension":{},"message":"Beginning execution of \"us-central1-api\""}}
[debug] [2024-01-12T04:30:21.303Z] [worker-us-central1-api-c546efd0-ff68-436a-bc2d-dd3b2c28ba6d]: BUSY {"metadata":{"emulator":{"name":"functions"},"function":{"name":"us-central1-api"},"extension":{},"message":"[worker-us-central1-api-c546efd0-ff68-436a-bc2d-dd3b2c28ba6d]: BUSY"}}
[debug] [2024-01-12T04:30:21.309Z] [work-queue] {"queuedWork":["/me-7fd6c/us-central1/api/payments/create-2024-01-12T04:30:21.309Z"],"queueLength":1,"runningWork":["/me-7fd6c/us-central1/api/payments/create-2024-01-12T04:30:21.294Z"],"workRunningCount":1}
[debug] [2024-01-12T04:30:21.309Z] [work-queue] {"queuedWork":[],"queueLength":0,"runningWork":["/me-7fd6c/us-central1/api/payments/create-2024-01-12T04:30:21.294Z","/me-7fd6c/us-central1/api/payments/create-2024-01-12T04:30:21.309Z"],"workRunningCount":2}
[debug] [2024-01-12T04:30:21.309Z] Accepted request POST /me-7fd6c/us-central1/api/payments/create?total=4992 --> us-central1-api
[debug] [2024-01-12T04:30:21.314Z] [functions] Runtime ready! Sending request! {"metadata":{"emulator":{"name":"functions"},"message":"[functions] Runtime ready! Sending request!"}}
[debug] [2024-01-12T04:30:21.314Z] [functions] Got req.url=/me-7fd6c/us-central1/api/payments/create?total=4992, mapping to path=/payments/create?total=4992 {"metadata":{"emulator":{"name":"functions"},"message":"[functions] Got req.url=/me-7fd6c/us-central1/api/payments/create?total=4992, mapping to path=/payments/create?total=4992"}}
[debug] [2024-01-12T04:30:21.315Z] [worker-pool] submitRequest(triggerId=us-central1-api) {"metadata":{"emulator":{"name":"functions"},"message":"[worker-pool] submitRequest(triggerId=us-central1-api)"}}
[info] i  functions: Beginning execution of "us-central1-api" {"metadata":{"emulator":{"name":"functions"},"function":{"name":"us-central1-api"},"extension":{},"message":"Beginning execution of \"us-central1-api\""}}
[debug] [2024-01-12T04:30:21.316Z] [worker-us-central1-api-4b583146-079b-40d5-82f8-434a82fbc34c]: BUSY {"metadata":{"emulator":{"name":"functions"},"function":{"name":"us-central1-api"},"extension":{},"message":"[worker-us-central1-api-4b583146-079b-40d5-82f8-434a82fbc34c]: BUSY"}}
[info] >  payment request recieved for this amount >>> 4992 {"user":"payment request recieved for this amount >>> 4992","metadata":{"emulator":{"name":"functions"},"function":{"name":"us-central1-api"},"extension":{},"message":"\u001b[90m> \u001b[39m payment request recieved for this amount >>> 4992"}}
[info] >  payment request recieved for this amount >>> 4992 {"user":"payment request recieved for this amount >>> 4992","metadata":{"emulator":{"name":"functions"},"function":{"name":"us-central1-api"},"extension":{},"message":"\u001b[90m> \u001b[39m payment request recieved for this amount >>> 4992"}}
[debug] [2024-01-12T04:30:21.583Z] Finishing up request with event=pause {"metadata":{"emulator":{"name":"functions"},"function":{"name":"us-central1-api"},"extension":{},"message":"Finishing up request with event=pause"}}
[info] i  functions: Finished "us-central1-api" in 267.9967ms {"metadata":{"emulator":{"name":"functions"},"function":{"name":"us-central1-api"},"extension":{},"message":"Finished \"us-central1-api\" in 267.9967ms"}}
[debug] [2024-01-12T04:30:21.585Z] [worker-us-central1-api-4b583146-079b-40d5-82f8-434a82fbc34c]: IDLE {"metadata":{"emulator":{"name":"functions"},"function":{"name":"us-central1-api"},"extension":{},"message":"[worker-us-central1-api-4b583146-079b-40d5-82f8-434a82fbc34c]: IDLE"}}
[debug] [2024-01-12T04:30:21.585Z] Finishing up request with event=finish {"metadata":{"emulator":{"name":"functions"},"function":{"name":"us-central1-api"},"extension":{},"message":"Finishing up request with event=finish"}}
[debug] [2024-01-12T04:30:21.585Z] Finishing up request with event=close {"metadata":{"emulator":{"name":"functions"},"function":{"name":"us-central1-api"},"extension":{},"message":"Finishing up request with event=close"}}
[debug] [2024-01-12T04:30:21.585Z] [work-queue] {"queuedWork":[],"queueLength":0,"runningWork":["/me-7fd6c/us-central1/api/payments/create-2024-01-12T04:30:21.294Z"],"workRunningCount":1}
[debug] [2024-01-12T04:30:21.684Z] Finishing up request with event=pause {"metadata":{"emulator":{"name":"functions"},"function":{"name":"us-central1-api"},"extension":{},"message":"Finishing up request with event=pause"}}
[info] i  functions: Finished "us-central1-api" in 381.9063ms {"metadata":{"emulator":{"name":"functions"},"function":{"name":"us-central1-api"},"extension":{},"message":"Finished \"us-central1-api\" in 381.9063ms"}}
[debug] [2024-01-12T04:30:21.685Z] [worker-us-central1-api-c546efd0-ff68-436a-bc2d-dd3b2c28ba6d]: IDLE {"metadata":{"emulator":{"name":"functions"},"function":{"name":"us-central1-api"},"extension":{},"message":"[worker-us-central1-api-c546efd0-ff68-436a-bc2d-dd3b2c28ba6d]: IDLE"}}
[debug] [2024-01-12T04:30:21.685Z] Finishing up request with event=finish {"metadata":{"emulator":{"name":"functions"},"function":{"name":"us-central1-api"},"extension":{},"message":"Finishing up request with event=finish"}}
[debug] [2024-01-12T04:30:21.686Z] Finishing up request with event=close {"metadata":{"emulator":{"name":"functions"},"function":{"name":"us-central1-api"},"extension":{},"message":"Finishing up request with event=close"}}
[debug] [2024-01-12T04:30:21.686Z] [work-queue] {"queuedWork":[],"queueLength":0,"runningWork":[],"workRunningCount":0}
[debug] [2024-01-12T04:31:37.346Z] [work-queue] {"queuedWork":["/me-7fd6c/us-central1/api/payments/create-2024-01-12T04:31:37.346Z"],"queueLength":1,"runningWork":[],"workRunningCount":0}
[debug] [2024-01-12T04:31:37.347Z] [work-queue] {"queuedWork":[],"queueLength":0,"runningWork":["/me-7fd6c/us-central1/api/payments/create-2024-01-12T04:31:37.346Z"],"workRunningCount":1}
[debug] [2024-01-12T04:31:37.347Z] Accepted request POST /me-7fd6c/us-central1/api/payments/create?total=6096 --> us-central1-api
[debug] [2024-01-12T04:31:37.352Z] [functions] Runtime ready! Sending request! {"metadata":{"emulator":{"name":"functions"},"message":"[functions] Runtime ready! Sending request!"}}
[debug] [2024-01-12T04:31:37.352Z] [functions] Got req.url=/me-7fd6c/us-central1/api/payments/create?total=6096, mapping to path=/payments/create?total=6096 {"metadata":{"emulator":{"name":"functions"},"message":"[functions] Got req.url=/me-7fd6c/us-central1/api/payments/create?total=6096, mapping to path=/payments/create?total=6096"}}
[debug] [2024-01-12T04:31:37.353Z] [worker-pool] submitRequest(triggerId=us-central1-api) {"metadata":{"emulator":{"name":"functions"},"message":"[worker-pool] submitRequest(triggerId=us-central1-api)"}}
[info] i  functions: Beginning execution of "us-central1-api" {"metadata":{"emulator":{"name":"functions"},"function":{"name":"us-central1-api"},"extension":{},"message":"Beginning execution of \"us-central1-api\""}}
[debug] [2024-01-12T04:31:37.354Z] [worker-us-central1-api-c546efd0-ff68-436a-bc2d-dd3b2c28ba6d]: BUSY {"metadata":{"emulator":{"name":"functions"},"function":{"name":"us-central1-api"},"extension":{},"message":"[worker-us-central1-api-c546efd0-ff68-436a-bc2d-dd3b2c28ba6d]: BUSY"}}
[debug] [2024-01-12T04:31:37.355Z] [work-queue] {"queuedWork":["/me-7fd6c/us-central1/api/payments/create-2024-01-12T04:31:37.355Z"],"queueLength":1,"runningWork":["/me-7fd6c/us-central1/api/payments/create-2024-01-12T04:31:37.346Z"],"workRunningCount":1}
[debug] [2024-01-12T04:31:37.356Z] [work-queue] {"queuedWork":[],"queueLength":0,"runningWork":["/me-7fd6c/us-central1/api/payments/create-2024-01-12T04:31:37.346Z","/me-7fd6c/us-central1/api/payments/create-2024-01-12T04:31:37.355Z"],"workRunningCount":2}
[debug] [2024-01-12T04:31:37.356Z] Accepted request POST /me-7fd6c/us-central1/api/payments/create?total=6096 --> us-central1-api
[debug] [2024-01-12T04:31:37.359Z] [functions] Runtime ready! Sending request! {"metadata":{"emulator":{"name":"functions"},"message":"[functions] Runtime ready! Sending request!"}}
[debug] [2024-01-12T04:31:37.359Z] [functions] Got req.url=/me-7fd6c/us-central1/api/payments/create?total=6096, mapping to path=/payments/create?total=6096 {"metadata":{"emulator":{"name":"functions"},"message":"[functions] Got req.url=/me-7fd6c/us-central1/api/payments/create?total=6096, mapping to path=/payments/create?total=6096"}}
[debug] [2024-01-12T04:31:37.360Z] [worker-pool] submitRequest(triggerId=us-central1-api) {"metadata":{"emulator":{"name":"functions"},"message":"[worker-pool] submitRequest(triggerId=us-central1-api)"}}
[info] i  functions: Beginning execution of "us-central1-api" {"metadata":{"emulator":{"name":"functions"},"function":{"name":"us-central1-api"},"extension":{},"message":"Beginning execution of \"us-central1-api\""}}
[debug] [2024-01-12T04:31:37.361Z] [worker-us-central1-api-4b583146-079b-40d5-82f8-434a82fbc34c]: BUSY {"metadata":{"emulator":{"name":"functions"},"function":{"name":"us-central1-api"},"extension":{},"message":"[worker-us-central1-api-4b583146-079b-40d5-82f8-434a82fbc34c]: BUSY"}}
[info] >  payment request recieved for this amount >>> 6096 {"user":"payment request recieved for this amount >>> 6096","metadata":{"emulator":{"name":"functions"},"function":{"name":"us-central1-api"},"extension":{},"message":"\u001b[90m> \u001b[39m payment request recieved for this amount >>> 6096"}}
[info] >  payment request recieved for this amount >>> 6096 {"user":"payment request recieved for this amount >>> 6096","metadata":{"emulator":{"name":"functions"},"function":{"name":"us-central1-api"},"extension":{},"message":"\u001b[90m> \u001b[39m payment request recieved for this amount >>> 6096"}}
[debug] [2024-01-12T04:31:38.449Z] Finishing up request with event=pause {"metadata":{"emulator":{"name":"functions"},"function":{"name":"us-central1-api"},"extension":{},"message":"Finishing up request with event=pause"}}
[info] i  functions: Finished "us-central1-api" in 1096.3207ms {"metadata":{"emulator":{"name":"functions"},"function":{"name":"us-central1-api"},"extension":{},"message":"Finished \"us-central1-api\" in 1096.3207ms"}}
[debug] [2024-01-12T04:31:38.454Z] [worker-us-central1-api-c546efd0-ff68-436a-bc2d-dd3b2c28ba6d]: IDLE {"metadata":{"emulator":{"name":"functions"},"function":{"name":"us-central1-api"},"extension":{},"message":"[worker-us-central1-api-c546efd0-ff68-436a-bc2d-dd3b2c28ba6d]: IDLE"}}
[debug] [2024-01-12T04:31:38.455Z] Finishing up request with event=finish {"metadata":{"emulator":{"name":"functions"},"function":{"name":"us-central1-api"},"extension":{},"message":"Finishing up request with event=finish"}}
[debug] [2024-01-12T04:31:38.455Z] Finishing up request with event=close {"metadata":{"emulator":{"name":"functions"},"function":{"name":"us-central1-api"},"extension":{},"message":"Finishing up request with event=close"}}
[debug] [2024-01-12T04:31:38.455Z] [work-queue] {"queuedWork":[],"queueLength":0,"runningWork":["/me-7fd6c/us-central1/api/payments/create-2024-01-12T04:31:37.355Z"],"workRunningCount":1}
[debug] [2024-01-12T04:31:38.739Z] Finishing up request with event=pause {"metadata":{"emulator":{"name":"functions"},"function":{"name":"us-central1-api"},"extension":{},"message":"Finishing up request with event=pause"}}
[info] i  functions: Finished "us-central1-api" in 1378.6225ms {"metadata":{"emulator":{"name":"functions"},"function":{"name":"us-central1-api"},"extension":{},"message":"Finished \"us-central1-api\" in 1378.6225ms"}}
[debug] [2024-01-12T04:31:38.744Z] [worker-us-central1-api-4b583146-079b-40d5-82f8-434a82fbc34c]: IDLE {"metadata":{"emulator":{"name":"functions"},"function":{"name":"us-central1-api"},"extension":{},"message":"[worker-us-central1-api-4b583146-079b-40d5-82f8-434a82fbc34c]: IDLE"}}
[debug] [2024-01-12T04:31:38.745Z] Finishing up request with event=finish {"metadata":{"emulator":{"name":"functions"},"function":{"name":"us-central1-api"},"extension":{},"message":"Finishing up request with event=finish"}}
[debug] [2024-01-12T04:31:38.745Z] Finishing up request with event=close {"metadata":{"emulator":{"name":"functions"},"function":{"name":"us-central1-api"},"extension":{},"message":"Finishing up request with event=close"}}
[debug] [2024-01-12T04:31:38.745Z] [work-queue] {"queuedWork":[],"queueLength":0,"runningWork":[],"workRunningCount":0}
